<?xml version="1.0" encoding="UTF-8"?>
<!-- Generated by org.testng.reporters.JUnitReportReporter -->
<testsuite hostname="Bharani" failures="0" tests="1" name="scripts.Test0" time="0.006" errors="0" timestamp="2022-08-25T20:54:29 IST" skipped="0">
  <testcase classname="scripts.Test0" name="demo" time="0.006"/>
  <system-out>
    <![CDATA[hello java]]>
  </system-out>
</testsuite> <!-- scripts.Test0 -->
